<?xml version="1.0" encoding="UTF-8"?>
<!-- Generated by org.testng.reporters.JUnitXMLReporter -->
<testsuite ignored="0" hostname="DESKTOP-D1737HV" failures="0" tests="1" name="Test" time="28.722" errors="0" timestamp="2022-05-27T10:08:09 IST">
  <testcase classname="com.sdet34l1.genericUtility.BaseClass" name="@AfterMethod afterMethod" time="0.005">
    <failure type="org.openqa.selenium.NoSuchSessionException" message="Session ID is null. Using WebDriver after calling quit()?
Build info: version: &amp;apos;3.141.59&amp;apos;, revision: &amp;apos;e82be7d358&amp;apos;, time: &amp;apos;2018-11-14T08:17:03&amp;apos;
System info: host: &amp;apos;DESKTOP-D1737HV&amp;apos;, ip: &amp;apos;192.168.181.1&amp;apos;, os.name: &amp;apos;Windows 10&amp;apos;, os.arch: &amp;apos;amd64&amp;apos;, os.version: &amp;apos;10.0&amp;apos;, java.version: &amp;apos;16.0.1&amp;apos;
Driver info: driver.version: RemoteWebDriver">
      <![CDATA[org.openqa.selenium.NoSuchSessionException: Session ID is null. Using WebDriver after calling quit()?
Build info: version: '3.141.59', revision: 'e82be7d358', time: '2018-11-14T08:17:03'
System info: host: 'DESKTOP-D1737HV', ip: '192.168.181.1', os.name: 'Windows 10', os.arch: 'amd64', os.version: '10.0', java.version: '16.0.1'
Driver info: driver.version: RemoteWebDriver
at org.openqa.selenium.remote.HttpCommandExecutor.execute(HttpCommandExecutor.java:125)
at org.openqa.selenium.remote.service.DriverCommandExecutor.execute(DriverCommandExecutor.java:83)
at org.openqa.selenium.remote.RemoteWebDriver.execute(RemoteWebDriver.java:552)
at org.openqa.selenium.remote.RemoteWebDriver.perform(RemoteWebDriver.java:618)
at org.openqa.selenium.interactions.Actions$BuiltAction.perform(Actions.java:639)
at org.openqa.selenium.interactions.Actions.perform(Actions.java:595)
at com.sdet34l1.genericUtility.WebDriverUtilities.mouseHoverOntheElement(WebDriverUtilities.java:104)
at com.vtiger.objectRepository.HomePage.signout(HomePage.java:46)
at com.sdet34l1.genericUtility.BaseClass.afterMethod(BaseClass.java:127)
at java.base/java.util.ArrayList.forEach(ArrayList.java:1511)
... Removed 32 stack frames]]>
    </failure>
  </testcase> <!-- @AfterMethod afterMethod -->
  <testcase classname="com.sdet34l1.genericUtility.BaseClass" name="@AfterClass afterClassTest" time="-1.653626289668E9">
    <skipped/>
  </testcase> <!-- @AfterClass afterClassTest -->
  <testcase classname="com.vtiger.practiceTest.CreateCampaignTest" name="createCampaignTest" time="17.262"/>
</testsuite> <!-- Test -->
